<?xml version="1.0" encoding="UTF-8"?>
<testsuite xmlns:xsi="http://www.w3.org/2001/XMLSchema-instance" xsi:noNamespaceSchemaLocation="https://maven.apache.org/surefire/maven-surefire-plugin/xsd/surefire-test-report.xsd" name="com.test.HelloWorldApplicationTests" time="1.995" tests="1" errors="0" skipped="0" failures="0">
  <properties>
    <property name="java.specification.version" value="17"/>
    <property name="sun.cpu.isalist" value="amd64"/>
    <property name="sun.jnu.encoding" value="GBK"/>
    <property name="java.class.path" value="C:\Users\wxamto\Desktop\study\Java\SpringBoot\HelloWorld\target\test-classes;C:\Users\wxamto\Desktop\study\Java\SpringBoot\HelloWorld\target\classes;C:\apps\software\develop\repo\org\springframework\boot\spring-boot-starter-web\2.7.8\spring-boot-starter-web-2.7.8.jar;C:\apps\software\develop\repo\org\springframework\boot\spring-boot-starter\2.7.8\spring-boot-starter-2.7.8.jar;C:\apps\software\develop\repo\org\springframework\boot\spring-boot\2.7.8\spring-boot-2.7.8.jar;C:\apps\software\develop\repo\org\springframework\boot\spring-boot-autoconfigure\2.7.8\spring-boot-autoconfigure-2.7.8.jar;C:\apps\software\develop\repo\org\springframework\boot\spring-boot-starter-logging\2.7.8\spring-boot-starter-logging-2.7.8.jar;C:\apps\software\develop\repo\ch\qos\logback\logback-classic\1.2.11\logback-classic-1.2.11.jar;C:\apps\software\develop\repo\ch\qos\logback\logback-core\1.2.11\logback-core-1.2.11.jar;C:\apps\software\develop\repo\org\apache\logging\log4j\log4j-to-slf4j\2.17.2\log4j-to-slf4j-2.17.2.jar;C:\apps\software\develop\repo\org\apache\logging\log4j\log4j-api\2.17.2\log4j-api-2.17.2.jar;C:\apps\software\develop\repo\org\slf4j\jul-to-slf4j\1.7.36\jul-to-slf4j-1.7.36.jar;C:\apps\software\develop\repo\jakarta\annotation\jakarta.annotation-api\1.3.5\jakarta.annotation-api-1.3.5.jar;C:\apps\software\develop\repo\org\yaml\snakeyaml\1.30\snakeyaml-1.30.jar;C:\apps\software\develop\repo\org\springframework\boot\spring-boot-starter-json\2.7.8\spring-boot-starter-json-2.7.8.jar;C:\apps\software\develop\repo\com\fasterxml\jackson\core\jackson-databind\2.13.4.2\jackson-databind-2.13.4.2.jar;C:\apps\software\develop\repo\com\fasterxml\jackson\core\jackson-annotations\2.13.4\jackson-annotations-2.13.4.jar;C:\apps\software\develop\repo\com\fasterxml\jackson\core\jackson-core\2.13.4\jackson-core-2.13.4.jar;C:\apps\software\develop\repo\com\fasterxml\jackson\datatype\jackson-datatype-jdk8\2.13.4\jackson-datatype-jdk8-2.13.4.jar;C:\apps\software\develop\repo\com\fasterxml\jackson\datatype\jackson-datatype-jsr310\2.13.4\jackson-datatype-jsr310-2.13.4.jar;C:\apps\software\develop\repo\com\fasterxml\jackson\module\jackson-module-parameter-names\2.13.4\jackson-module-parameter-names-2.13.4.jar;C:\apps\software\develop\repo\org\springframework\boot\spring-boot-starter-tomcat\2.7.8\spring-boot-starter-tomcat-2.7.8.jar;C:\apps\software\develop\repo\org\apache\tomcat\embed\tomcat-embed-core\9.0.71\tomcat-embed-core-9.0.71.jar;C:\apps\software\develop\repo\org\apache\tomcat\embed\tomcat-embed-el\9.0.71\tomcat-embed-el-9.0.71.jar;C:\apps\software\develop\repo\org\apache\tomcat\embed\tomcat-embed-websocket\9.0.71\tomcat-embed-websocket-9.0.71.jar;C:\apps\software\develop\repo\org\springframework\spring-web\5.3.25\spring-web-5.3.25.jar;C:\apps\software\develop\repo\org\springframework\spring-beans\5.3.25\spring-beans-5.3.25.jar;C:\apps\software\develop\repo\org\springframework\spring-webmvc\5.3.25\spring-webmvc-5.3.25.jar;C:\apps\software\develop\repo\org\springframework\spring-aop\5.3.25\spring-aop-5.3.25.jar;C:\apps\software\develop\repo\org\springframework\spring-context\5.3.25\spring-context-5.3.25.jar;C:\apps\software\develop\repo\org\springframework\spring-expression\5.3.25\spring-expression-5.3.25.jar;C:\apps\software\develop\repo\org\springframework\boot\spring-boot-starter-test\2.7.8\spring-boot-starter-test-2.7.8.jar;C:\apps\software\develop\repo\org\springframework\boot\spring-boot-test\2.7.8\spring-boot-test-2.7.8.jar;C:\apps\software\develop\repo\org\springframework\boot\spring-boot-test-autoconfigure\2.7.8\spring-boot-test-autoconfigure-2.7.8.jar;C:\apps\software\develop\repo\com\jayway\jsonpath\json-path\2.7.0\json-path-2.7.0.jar;C:\apps\software\develop\repo\net\minidev\json-smart\2.4.8\json-smart-2.4.8.jar;C:\apps\software\develop\repo\net\minidev\accessors-smart\2.4.8\accessors-smart-2.4.8.jar;C:\apps\software\develop\repo\org\ow2\asm\asm\9.1\asm-9.1.jar;C:\apps\software\develop\repo\org\slf4j\slf4j-api\1.7.36\slf4j-api-1.7.36.jar;C:\apps\software\develop\repo\jakarta\xml\bind\jakarta.xml.bind-api\2.3.3\jakarta.xml.bind-api-2.3.3.jar;C:\apps\software\develop\repo\jakarta\activation\jakarta.activation-api\1.2.2\jakarta.activation-api-1.2.2.jar;C:\apps\software\develop\repo\org\assertj\assertj-core\3.22.0\assertj-core-3.22.0.jar;C:\apps\software\develop\repo\org\hamcrest\hamcrest\2.2\hamcrest-2.2.jar;C:\apps\software\develop\repo\org\junit\jupiter\junit-jupiter\5.8.2\junit-jupiter-5.8.2.jar;C:\apps\software\develop\repo\org\junit\jupiter\junit-jupiter-api\5.8.2\junit-jupiter-api-5.8.2.jar;C:\apps\software\develop\repo\org\opentest4j\opentest4j\1.2.0\opentest4j-1.2.0.jar;C:\apps\software\develop\repo\org\junit\platform\junit-platform-commons\1.8.2\junit-platform-commons-1.8.2.jar;C:\apps\software\develop\repo\org\apiguardian\apiguardian-api\1.1.2\apiguardian-api-1.1.2.jar;C:\apps\software\develop\repo\org\junit\jupiter\junit-jupiter-params\5.8.2\junit-jupiter-params-5.8.2.jar;C:\apps\software\develop\repo\org\junit\jupiter\junit-jupiter-engine\5.8.2\junit-jupiter-engine-5.8.2.jar;C:\apps\software\develop\repo\org\junit\platform\junit-platform-engine\1.8.2\junit-platform-engine-1.8.2.jar;C:\apps\software\develop\repo\org\mockito\mockito-core\4.5.1\mockito-core-4.5.1.jar;C:\apps\software\develop\repo\net\bytebuddy\byte-buddy\1.12.22\byte-buddy-1.12.22.jar;C:\apps\software\develop\repo\net\bytebuddy\byte-buddy-agent\1.12.22\byte-buddy-agent-1.12.22.jar;C:\apps\software\develop\repo\org\objenesis\objenesis\3.2\objenesis-3.2.jar;C:\apps\software\develop\repo\org\mockito\mockito-junit-jupiter\4.5.1\mockito-junit-jupiter-4.5.1.jar;C:\apps\software\develop\repo\org\skyscreamer\jsonassert\1.5.1\jsonassert-1.5.1.jar;C:\apps\software\develop\repo\com\vaadin\external\google\android-json\0.0.20131108.vaadin1\android-json-0.0.20131108.vaadin1.jar;C:\apps\software\develop\repo\org\springframework\spring-core\5.3.25\spring-core-5.3.25.jar;C:\apps\software\develop\repo\org\springframework\spring-jcl\5.3.25\spring-jcl-5.3.25.jar;C:\apps\software\develop\repo\org\springframework\spring-test\5.3.25\spring-test-5.3.25.jar;C:\apps\software\develop\repo\org\xmlunit\xmlunit-core\2.9.1\xmlunit-core-2.9.1.jar;"/>
    <property name="java.vm.vendor" value="Azul Systems, Inc."/>
    <property name="sun.arch.data.model" value="64"/>
    <property name="user.variant" value=""/>
    <property name="java.vendor.url" value="http://www.azul.com/"/>
    <property name="user.timezone" value="Asia/Shanghai"/>
    <property name="os.name" value="Windows 10"/>
    <property name="java.vm.specification.version" value="17"/>
    <property name="sun.java.launcher" value="SUN_STANDARD"/>
    <property name="user.country" value="CN"/>
    <property name="sun.boot.library.path" value="C:\Users\wxamto\scoop\apps\zulu17-jdk\current\bin"/>
    <property name="sun.java.command" value="C:\Users\wxamto\AppData\Local\Temp\surefire2787033250282894537\surefirebooter13114745881952074341.jar C:\Users\wxamto\AppData\Local\Temp\surefire2787033250282894537 2023-02-20T20-26-00_594-jvmRun1 surefire10534984191272876386tmp surefire_010863205670843308209tmp"/>
    <property name="jdk.debug" value="release"/>
    <property name="surefire.test.class.path" value="C:\Users\wxamto\Desktop\study\Java\SpringBoot\HelloWorld\target\test-classes;C:\Users\wxamto\Desktop\study\Java\SpringBoot\HelloWorld\target\classes;C:\apps\software\develop\repo\org\springframework\boot\spring-boot-starter-web\2.7.8\spring-boot-starter-web-2.7.8.jar;C:\apps\software\develop\repo\org\springframework\boot\spring-boot-starter\2.7.8\spring-boot-starter-2.7.8.jar;C:\apps\software\develop\repo\org\springframework\boot\spring-boot\2.7.8\spring-boot-2.7.8.jar;C:\apps\software\develop\repo\org\springframework\boot\spring-boot-autoconfigure\2.7.8\spring-boot-autoconfigure-2.7.8.jar;C:\apps\software\develop\repo\org\springframework\boot\spring-boot-starter-logging\2.7.8\spring-boot-starter-logging-2.7.8.jar;C:\apps\software\develop\repo\ch\qos\logback\logback-classic\1.2.11\logback-classic-1.2.11.jar;C:\apps\software\develop\repo\ch\qos\logback\logback-core\1.2.11\logback-core-1.2.11.jar;C:\apps\software\develop\repo\org\apache\logging\log4j\log4j-to-slf4j\2.17.2\log4j-to-slf4j-2.17.2.jar;C:\apps\software\develop\repo\org\apache\logging\log4j\log4j-api\2.17.2\log4j-api-2.17.2.jar;C:\apps\software\develop\repo\org\slf4j\jul-to-slf4j\1.7.36\jul-to-slf4j-1.7.36.jar;C:\apps\software\develop\repo\jakarta\annotation\jakarta.annotation-api\1.3.5\jakarta.annotation-api-1.3.5.jar;C:\apps\software\develop\repo\org\yaml\snakeyaml\1.30\snakeyaml-1.30.jar;C:\apps\software\develop\repo\org\springframework\boot\spring-boot-starter-json\2.7.8\spring-boot-starter-json-2.7.8.jar;C:\apps\software\develop\repo\com\fasterxml\jackson\core\jackson-databind\2.13.4.2\jackson-databind-2.13.4.2.jar;C:\apps\software\develop\repo\com\fasterxml\jackson\core\jackson-annotations\2.13.4\jackson-annotations-2.13.4.jar;C:\apps\software\develop\repo\com\fasterxml\jackson\core\jackson-core\2.13.4\jackson-core-2.13.4.jar;C:\apps\software\develop\repo\com\fasterxml\jackson\datatype\jackson-datatype-jdk8\2.13.4\jackson-datatype-jdk8-2.13.4.jar;C:\apps\software\develop\repo\com\fasterxml\jackson\datatype\jackson-datatype-jsr310\2.13.4\jackson-datatype-jsr310-2.13.4.jar;C:\apps\software\develop\repo\com\fasterxml\jackson\module\jackson-module-parameter-names\2.13.4\jackson-module-parameter-names-2.13.4.jar;C:\apps\software\develop\repo\org\springframework\boot\spring-boot-starter-tomcat\2.7.8\spring-boot-starter-tomcat-2.7.8.jar;C:\apps\software\develop\repo\org\apache\tomcat\embed\tomcat-embed-core\9.0.71\tomcat-embed-core-9.0.71.jar;C:\apps\software\develop\repo\org\apache\tomcat\embed\tomcat-embed-el\9.0.71\tomcat-embed-el-9.0.71.jar;C:\apps\software\develop\repo\org\apache\tomcat\embed\tomcat-embed-websocket\9.0.71\tomcat-embed-websocket-9.0.71.jar;C:\apps\software\develop\repo\org\springframework\spring-web\5.3.25\spring-web-5.3.25.jar;C:\apps\software\develop\repo\org\springframework\spring-beans\5.3.25\spring-beans-5.3.25.jar;C:\apps\software\develop\repo\org\springframework\spring-webmvc\5.3.25\spring-webmvc-5.3.25.jar;C:\apps\software\develop\repo\org\springframework\spring-aop\5.3.25\spring-aop-5.3.25.jar;C:\apps\software\develop\repo\org\springframework\spring-context\5.3.25\spring-context-5.3.25.jar;C:\apps\software\develop\repo\org\springframework\spring-expression\5.3.25\spring-expression-5.3.25.jar;C:\apps\software\develop\repo\org\springframework\boot\spring-boot-starter-test\2.7.8\spring-boot-starter-test-2.7.8.jar;C:\apps\software\develop\repo\org\springframework\boot\spring-boot-test\2.7.8\spring-boot-test-2.7.8.jar;C:\apps\software\develop\repo\org\springframework\boot\spring-boot-test-autoconfigure\2.7.8\spring-boot-test-autoconfigure-2.7.8.jar;C:\apps\software\develop\repo\com\jayway\jsonpath\json-path\2.7.0\json-path-2.7.0.jar;C:\apps\software\develop\repo\net\minidev\json-smart\2.4.8\json-smart-2.4.8.jar;C:\apps\software\develop\repo\net\minidev\accessors-smart\2.4.8\accessors-smart-2.4.8.jar;C:\apps\software\develop\repo\org\ow2\asm\asm\9.1\asm-9.1.jar;C:\apps\software\develop\repo\org\slf4j\slf4j-api\1.7.36\slf4j-api-1.7.36.jar;C:\apps\software\develop\repo\jakarta\xml\bind\jakarta.xml.bind-api\2.3.3\jakarta.xml.bind-api-2.3.3.jar;C:\apps\software\develop\repo\jakarta\activation\jakarta.activation-api\1.2.2\jakarta.activation-api-1.2.2.jar;C:\apps\software\develop\repo\org\assertj\assertj-core\3.22.0\assertj-core-3.22.0.jar;C:\apps\software\develop\repo\org\hamcrest\hamcrest\2.2\hamcrest-2.2.jar;C:\apps\software\develop\repo\org\junit\jupiter\junit-jupiter\5.8.2\junit-jupiter-5.8.2.jar;C:\apps\software\develop\repo\org\junit\jupiter\junit-jupiter-api\5.8.2\junit-jupiter-api-5.8.2.jar;C:\apps\software\develop\repo\org\opentest4j\opentest4j\1.2.0\opentest4j-1.2.0.jar;C:\apps\software\develop\repo\org\junit\platform\junit-platform-commons\1.8.2\junit-platform-commons-1.8.2.jar;C:\apps\software\develop\repo\org\apiguardian\apiguardian-api\1.1.2\apiguardian-api-1.1.2.jar;C:\apps\software\develop\repo\org\junit\jupiter\junit-jupiter-params\5.8.2\junit-jupiter-params-5.8.2.jar;C:\apps\software\develop\repo\org\junit\jupiter\junit-jupiter-engine\5.8.2\junit-jupiter-engine-5.8.2.jar;C:\apps\software\develop\repo\org\junit\platform\junit-platform-engine\1.8.2\junit-platform-engine-1.8.2.jar;C:\apps\software\develop\repo\org\mockito\mockito-core\4.5.1\mockito-core-4.5.1.jar;C:\apps\software\develop\repo\net\bytebuddy\byte-buddy\1.12.22\byte-buddy-1.12.22.jar;C:\apps\software\develop\repo\net\bytebuddy\byte-buddy-agent\1.12.22\byte-buddy-agent-1.12.22.jar;C:\apps\software\develop\repo\org\objenesis\objenesis\3.2\objenesis-3.2.jar;C:\apps\software\develop\repo\org\mockito\mockito-junit-jupiter\4.5.1\mockito-junit-jupiter-4.5.1.jar;C:\apps\software\develop\repo\org\skyscreamer\jsonassert\1.5.1\jsonassert-1.5.1.jar;C:\apps\software\develop\repo\com\vaadin\external\google\android-json\0.0.20131108.vaadin1\android-json-0.0.20131108.vaadin1.jar;C:\apps\software\develop\repo\org\springframework\spring-core\5.3.25\spring-core-5.3.25.jar;C:\apps\software\develop\repo\org\springframework\spring-jcl\5.3.25\spring-jcl-5.3.25.jar;C:\apps\software\develop\repo\org\springframework\spring-test\5.3.25\spring-test-5.3.25.jar;C:\apps\software\develop\repo\org\xmlunit\xmlunit-core\2.9.1\xmlunit-core-2.9.1.jar;"/>
    <property name="sun.cpu.endian" value="little"/>
    <property name="user.home" value="C:\Users\wxamto"/>
    <property name="user.language" value="zh"/>
    <property name="java.specification.vendor" value="Oracle Corporation"/>
    <property name="java.version.date" value="2023-01-17"/>
    <property name="java.home" value="C:\Users\wxamto\scoop\apps\zulu17-jdk\current"/>
    <property name="file.separator" value="\"/>
    <property name="basedir" value="C:\Users\wxamto\Desktop\study\Java\SpringBoot\HelloWorld"/>
    <property name="java.vm.compressedOopsMode" value="Zero based"/>
    <property name="line.separator" value="&#10;"/>
    <property name="java.vm.specification.vendor" value="Oracle Corporation"/>
    <property name="java.specification.name" value="Java Platform API Specification"/>
    <property name="surefire.real.class.path" value="C:\Users\wxamto\AppData\Local\Temp\surefire2787033250282894537\surefirebooter13114745881952074341.jar"/>
    <property name="user.script" value=""/>
    <property name="sun.management.compiler" value="HotSpot 64-Bit Tiered Compilers"/>
    <property name="java.runtime.version" value="17.0.6+10-LTS"/>
    <property name="user.name" value="wxamto"/>
    <property name="path.separator" value=";"/>
    <property name="os.version" value="10.0"/>
    <property name="java.runtime.name" value="OpenJDK Runtime Environment"/>
    <property name="file.encoding" value="GBK"/>
    <property name="java.vm.name" value="OpenJDK 64-Bit Server VM"/>
    <property name="java.vendor.version" value="Zulu17.40+19-CA"/>
    <property name="localRepository" value="C:\apps\software\develop\repo"/>
    <property name="java.vendor.url.bug" value="http://www.azul.com/support/"/>
    <property name="java.io.tmpdir" value="C:\Users\wxamto\AppData\Local\Temp\"/>
    <property name="idea.version" value="2022.3.2"/>
    <property name="java.version" value="17.0.6"/>
    <property name="user.dir" value="C:\Users\wxamto\Desktop\study\Java\SpringBoot\HelloWorld"/>
    <property name="os.arch" value="amd64"/>
    <property name="java.vm.specification.name" value="Java Virtual Machine Specification"/>
    <property name="sun.os.patch.level" value=""/>
    <property name="native.encoding" value="GBK"/>
    <property name="java.library.path" value="C:\Users\wxamto\scoop\apps\zulu17-jdk\current\bin;C:\Windows\Sun\Java\bin;C:\Windows\system32;C:\Windows;C:\ProgramData\scoop\shims;C:\apps\software\develop\VM\VMware Workstation\bin\;C:\Program Files\Alacritty\;C:\apps\software\develop\apache\apache-maven\bin;C:\apps\software\develop\Microsoft VS Code\bin;C:\apps\software\Bandizip\;C:\Windows\system32;C:\Windows;C:\Windows\System32\Wbem;C:\Windows\System32\WindowsPowerShell\v1.0\;C:\Windows\System32\OpenSSH\;C:\Program Files\dotnet\;C:\Users\wxamto\scoop\apps\nodejs-lts\current\bin;C:\Users\wxamto\scoop\apps\nodejs-lts\current;C:\Users\wxamto\scoop\apps\nodejs16\current;C:\Users\wxamto\scoop\apps\nodejs16\current\bin;C:\Users\wxamto\scoop\apps\zulu17-jdk\current\bin;C:\Users\wxamto\go\bin;C:\Users\wxamto\scoop\apps\mpv\current;C:\Users\wxamto\.cargo\bin;C:\Users\wxamto\scoop\shims;C:\Users\wxamto\AppData\Local\Microsoft\WindowsApps;C:\Users\wxamto\AppData\Local\JetBrains\Toolbox\scripts;."/>
    <property name="java.vm.info" value="mixed mode, sharing"/>
    <property name="java.vendor" value="Azul Systems, Inc."/>
    <property name="java.vm.version" value="17.0.6+10-LTS"/>
    <property name="sun.io.unicode.encoding" value="UnicodeLittle"/>
    <property name="maven.repo.local" value="C:\apps\software\develop\repo"/>
    <property name="java.class.version" value="61.0"/>
  </properties>
  <testcase name="contextLoads" classname="com.test.HelloWorldApplicationTests" time="0.344"/>
</testsuite>